基金碼,年月日,幣別,淨值(元),市價(元),溢(折)價(元),溢(折)價率%,淨值變動率%-日,淨值變動率%-週,近一個月變動率%,近三個月變動率%,近半年變動率%,近九個月變動率%,近一年變動率%,近二年變動率%,近三年變動率%,近四年變動率%,近五年變動率%,近六年變動率%,今年以來變動率%,成立以來變動率%,與上半年底比變動率%,與上月底比變動率%,與上季底比變動率%,與上週底比變動率%,與前二年底比變動率%,與前三年底比變動率%,與前四年底比變動率%,與前五年底比變動率%,基金統編,TEJ分類碼,
0050 元大台灣50,2016-08-31 00:00:00,NTD,69.67,69.4,-0.27,-0.387541,-0.514065,0.562933,1.722879,11.344373,14.675652,15.049797,14.271815,7.966872,35.348224,49.543372,48.868574,59.404599,15.20014,188.859297,7.508424,1.722879,7.508424,-0.910255,8.218119,26.545159,41.214389,58.73587,98764389,1151,
0051 元大中型100,2016-08-31 00:00:00,NTD,26.78,26.5,-0.28,-1.045556,-0.223547,1.324253,1.439394,10.251132,7.853403,9.440131,14.479994,-10.846801,1.716645,15.857994,10.391216,14.067152,8.861789,32.665773,7.7666,1.439394,7.7666,0,-7.752461,-4.300693,13.268183,27.733316,48772770,1151,
0052 富邦台灣科技指數,2016-08-31 00:00:00,NTD,43.01,42.74,-0.27,-0.627761,0.349977,1.223817,1.462609,14.785161,16.799786,23.981649,30.714801,14.501608,46.97796,65.641827,70.992364,69.18205,20.789269,78.728703,7.740481,1.462609,7.740481,-0.554913,9.042691,40.092968,52.555362,76.073626,48790067,1151,
0053 元大電子,2016-08-31 00:00:00,NTD,30.49,30.3,-0.19,-0.623155,-0.196399,0.82672,1.735068,12.633912,14.451952,17.812983,23.454267,7.241215,39.803568,51.764831,57.207268,51.876787,17.134076,25.045221,7.624426,1.735068,7.624426,-0.684039,7.943238,32.814469,45.810763,66.428114,48903196,1151,
0054 元大台商50,2016-08-31 00:00:00,NTD,22.09,21.95,-0.14,-0.633771,-0.897263,0.135993,0.775547,8.764156,8.657157,7.703559,7.209645,-6.074505,17.698422,25.051447,29.463476,30.748266,8.817734,10.055224,6.973366,0.775547,6.973366,-1.119069,1.174357,8.593202,24.665,38.028478,48903180,1151,
0055 元大MSCI金融,2016-08-31 00:00:00,NTD,13.95,13.93,-0.02,-0.143369,-0.993612,2.048281,3.640416,9.326019,13.414634,2.422907,-1.885224,-5.013518,15.026336,40.264452,21.491782,36.347381,5.922551,10.077785,8.899297,3.640416,8.899297,0.215517,-1.885223,3.931103,33.087497,45.790821,48903175,1151,
0056 元大高股息,2016-08-31 00:00:00,NTD,24.81,24.65,-0.16,-0.644901,-0.321414,1.100244,1.389456,12.568058,9.63323,17.471591,24.372247,1.971896,17.919029,20.067409,26.832649,35.986611,13.703025,42.484562,8.959157,1.389456,8.959157,-0.160966,6.948845,17.086991,22.871007,34.397334,48966213,1151,
0057 富邦台灣摩根指數,2016-08-31 00:00:00,NTD,41.3,41.45,0.15,0.363196,-0.457942,0.58451,1.278886,11.009192,13.440905,13.590801,13.142298,4.074477,28.768002,42.515779,41.065832,48.318699,13.861613,43.275863,7.108794,1.278886,7.108794,-0.864138,4.352417,20.941924,35.250973,51.828904,48975156,1151,
0058 富邦台灣發達指數,2016-08-31 00:00:00,NTD,39.32,39.09,-0.23,-0.584944,-1.007049,-0.253678,1.131687,8.558807,10.418422,10.109213,7.37302,-1.25565,17.865707,25.623003,24.817866,36.84703,11.262026,49.731036,6.876869,1.131687,6.876869,-1.25565,4.021161,10.356437,22.568578,35.914581,48977083,1151,
0059 富邦台灣金融指數,2016-08-31 00:00:00,NTD,32.61,32.5,-0.11,-0.33732,-0.941677,2.129659,3.919694,9.063545,12.720359,1.683817,-2.888624,-4.704851,14.783527,39.537869,18.543762,33.774617,5.125725,15.224537,8.881469,3.919694,8.881469,0.307598,-1.331318,3.655446,32.345787,42.958489,48975162,1151,
0061 元大寶滬深,2016-08-31 00:00:00,NTD,16.33,16.38,0.05,0.306185,0.554187,-0.487508,3.68254,1.744548,8.145695,-6.845408,-2.332536,31.375704,28.988942,29.91249,1.998751,-5.824683,-11.008174,-18.35,1.49161,3.68254,1.49161,0.368777,-5.168416,28.988923,11.0129,15.081023,25610486,1235,
006201 元大富櫃50,2016-08-31 00:00:00,NTD,11.72,11.6,-0.12,-1.023891,0.773861,1.384083,1.471861,4.085258,4.085258,5.300988,20.869322,-5.327328,8.491537,19.683407,14.207497,None,3.716814,-11.831812,3.625111,1.471861,3.625111,1.296456,-4.78417,1.846057,23.305235,35.398155,26282102,1151,
006203 元大MSCI台灣,2016-08-31 00:00:00,NTD,32.53,32.25,-0.28,-0.860744,-0.458996,0.587508,1.371144,11.066004,13.759913,13.957344,13.566955,4.858169,30.082165,43.920967,42.614597,None,14.155462,27.069606,7.186127,1.371144,7.186127,-0.853398,5.093374,21.807535,36.628431,53.50771,26306553,1151,
006204 永豐臺灣加權,2016-08-31 00:00:00,NTD,46.7,46.6,-0.1,-0.214133,-0.468883,0.624865,1.76509,10.063634,11.669058,12.448832,14.12263,2.332778,22.411377,36.014985,None,None,12.475915,40.852879,7.356322,1.76509,7.356322,-0.70168,3.986584,14.303335,30.493662,46.584118,26332314,1151,
006205 FB上証,2016-08-31 00:00:00,NTD,27.72,27.67,-0.05,-0.180375,0.325733,-0.822898,2.250092,1.836885,7.525213,-11.888112,-7.41483,39.7882,43.255814,56.876061,38.669335,None,-14.046512,38.6,4.682779,2.250092,4.682779,0.434783,-15.047502,42.008203,39.226519,47.682466,26334740,1235,
006206 元大上證50,2016-08-31 00:00:00,NTD,26.44,26.4,-0.04,-0.151286,0.455927,-0.489274,2.639752,1.263884,8.806584,-8.701657,-3.50365,42.841707,43.383948,52.216465,None,None,-11.006395,32.2,4.299803,2.639752,4.299803,0.532319,-16.143358,44.797371,32.597785,None,31830488,1235,
006207 復華滬深300,2016-08-31 00:00:00,NTD,20.89,20.81,-0.08,-0.382958,0.529355,-0.571157,2.704031,2.051783,6.908905,-10.992757,-5.603254,43.771507,46.596491,59.70948,None,None,-14.630159,39.266667,4.189526,2.704031,4.189526,0.577756,-9.995692,44.667585,42.886441,None,31835478,1235,
006208 FB台50,2016-08-31 00:00:00,NTD,40.21,39.96,-0.25,-0.621736,-0.519545,0.550138,1.700578,11.288606,14.615857,14.975975,14.085451,7.843673,34.749985,48.78547,None,None,15.140415,53.794581,7.484884,1.700578,7.484884,-0.911779,7.983346,26.089215,40.513747,None,31840182,1151,
00625K FB上証+R,2016-08-31 00:00:00,RMB,5.84,5.84,0,0,0.343643,-0.341297,None,None,None,None,None,None,None,None,None,None,None,2.816901,None,None,None,0.343643,None,None,None,None,None,1235,
00631L 元大台灣50正2,2016-08-31 00:00:00,NTD,23.44,23.47,0.03,0.127986,-1.429773,0.428449,2.897278,21.262287,26.497572,28.791209,35.25678,None,None,None,None,None,29.57435,17.2,15.240905,2.897278,15.240905,-2.292622,8.619097,None,None,None,38619904,1152,
00632R 元大台灣50反1,2016-08-31 00:00:00,NTD,16.92,16.9,-0.02,-0.118203,0.654372,-0.235849,-1.685067,-9.952102,-12.693498,-15.10286,-19.619952,None,None,None,None,None,-14.932127,-15.4,-7.439825,-1.685067,-7.439825,1.135684,-11.274259,None,None,None,38619910,1153,
00633L FB上証正2,2016-08-31 00:00:00,NTD,32.81,32.88,0.07,0.21335,0.953846,-0.635978,6.733897,5.872862,27.516518,3.993661,19.963437,None,None,None,None,None,-7.368718,64.05,10.359906,6.733897,10.359906,0.798771,-28.766822,None,None,None,38633011,1236,
00634R FB上証反1,2016-08-31 00:00:00,NTD,9.56,9.5,-0.06,-0.627615,-0.416667,0.209644,-4.304304,-6.640625,-17.939914,-13.011829,-22.276423,None,None,None,None,None,-6.822612,-52.2,-7.094266,-4.304304,-7.094266,-0.208768,-24.426883,None,None,None,38633027,1237,
00635U 元大S&P 黃金,2016-08-31 00:00:00,NTD,21.27,21.4,0.13,0.611189,-0.374707,-1.390821,-3.62483,6.084788,4.264706,19.561551,12.124407,None,None,None,None,None,20.101637,6.35,-1.800554,-3.62483,-1.800554,-1.023732,None,None,None,None,38651191,None,
00636 國泰中國A50,2016-08-31 00:00:00,NTD,16.43,16.5,0.07,0.42605,0.427873,-0.424242,2.944862,2.880401,7.596595,-6.114286,-1.73445,None,None,None,None,None,-10.414395,-17.85,5.931657,2.944862,5.931657,0.61237,None,None,None,None,42260528,1235,
00637L 元大滬深300 正2,2016-08-31 00:00:00,NTD,12.22,12.28,0.06,0.490998,0.991736,-0.650407,6.724891,5.984389,27.6907,5.617978,21.956088,None,None,None,None,None,-6.288344,-38.9,10.288809,6.724891,10.288809,0.741962,None,None,None,None,42300253,1236,
00638R 元大滬深300 反1,2016-08-31 00:00:00,NTD,18.17,18.09,-0.08,-0.440286,-0.438356,0.16538,-4.46898,-5.315268,-15.762633,-10.536681,-19.850022,None,None,None,None,None,-4.368421,-9.15,-5.265902,-4.46898,-5.265902,-0.274424,None,None,None,None,42300232,1237,
00639 FB深100,2016-08-31 00:00:00,NTD,10.27,10.31,0.04,0.389484,0.686275,-0.484496,4.158215,2.7,6.867846,-8.629893,0.195122,None,None,None,None,None,-15.194055,-31.533333,2.905812,4.158215,2.905812,0.884086,None,None,None,None,42302273,1235,
00640L FB日本正2,2016-08-31 00:00:00,NTD,13.84,13.76,-0.08,-0.578035,2.518519,3.981968,-0.216294,-9.424084,-1.564723,-37.797753,-30.834583,None,None,None,None,None,-34.778511,-30.8,11.97411,-0.216294,11.97411,5.972435,None,None,None,None,42319561,1232,
00641R FB日本反1,2016-08-31 00:00:00,NTD,20.74,20.73,-0.01,-0.048216,-1.238095,-2.077432,-0.432069,1.966568,-4.731282,10.968432,3.7,None,None,None,None,None,8.871391,3.7,-6.786517,-0.432069,-6.786517,-2.857143,None,None,None,None,42319582,1232,
00642U 元大S&P 石油,2016-08-31 00:00:00,NTD,17.38,17.96,0.58,3.337169,-3.229399,-4.295154,3.513996,-9.24282,15.866667,-5.850488,-13.056528,None,None,None,None,None,4.321729,-13.1,-8.381655,3.513996,-8.381655,-5.543478,None,None,None,None,42320363,None,
00643 群益深証中小,2016-08-31 00:00:00,NTD,15.42,15.62,0.2,1.297017,-0.064809,-0.708307,2.119205,0.390625,3.838384,-19.435737,None,None,None,None,None,None,-21.286371,-22.938531,-1.34357,2.119205,-1.34357,0.194932,None,None,None,None,42323777,1235,
00643K 群益深証中小+R,2016-08-31 00:00:00,RMB,3.24,3.3,0.06,1.851852,0,None,None,None,None,None,None,None,None,None,None,None,None,-100,None,None,None,0.309598,None,None,None,None,None,1235,
00645 FB日本,2016-08-31 00:00:00,NTD,17.11,16.98,-0.13,-0.75979,1.182732,1.603325,1.242604,-3.114383,2.088305,-15.002484,None,None,None,None,None,None,-13.976873,-14.45,7.407407,1.242604,7.407407,3.258902,None,None,None,None,42328908,1232,
00646 元大S&P500,2016-08-31 00:00:00,NTD,20.54,20.5,-0.04,-0.194742,-0.145843,-0.242836,-0.676983,0.933661,6.812272,None,None,None,None,None,None,None,3.11245,2.7,1.935484,-0.676983,1.935484,0.341964,None,None,None,None,42333613,1231,
00647L 元大S&P500正2,2016-08-31 00:00:00,NTD,21.85,21.79,-0.06,-0.2746,-0.500911,-0.591447,-0.681818,4.896783,20.651574,None,None,None,None,None,None,None,10.24218,9.25,5.913718,-0.681818,5.913718,0.183402,None,None,None,None,42333579,1231,
00648R 元大S&P500反1,2016-08-31 00:00:00,NTD,18.2,18.18,-0.02,-0.10989,0.275482,0.165107,-0.273973,-4.960836,-13.662239,None,None,None,None,None,None,None,-9.136296,-9,-4.210526,-0.273973,-4.210526,0,None,None,None,None,42333563,1231,
00649 復華恒生,2016-08-31 00:00:00,NTD,17.28,17.14,-0.14,-0.810185,-0.115607,0.582072,4.410876,9.228824,15.276851,None,None,None,None,None,None,None,None,15.2,8.884688,4.410876,8.884688,0.465116,None,None,None,None,42329884,1233,
00650L 復華恒生正2,2016-08-31 00:00:00,NTD,21.38,21.31,-0.07,-0.327409,-0.186741,1.327014,10.662526,23.655292,40.936058,None,None,None,None,None,None,None,None,42.533333,19.108635,10.662526,19.108635,0.56444,None,None,None,None,42329863,1233,
00651R 復華恒生反1,2016-08-31 00:00:00,NTD,11.91,11.89,-0.02,-0.167926,0.084034,-0.75,-5.47619,-12.038405,-19.527027,None,None,None,None,None,None,None,None,-20.6,-9.49848,-5.47619,-9.49848,-0.334728,None,None,None,None,42329879,1233,
00652 富邦印度 NIFTY,2016-08-31 00:00:00,NTD,21.84,21.58,-0.26,-1.190476,0.459982,1.298701,0.367647,4.798464,None,None,None,None,None,None,None,None,None,9.2,3.654485,0.367647,3.654485,2.390999,None,None,None,None,42376963,1233,
00653L FB印度正2,2016-08-31 00:00:00,NTD,24.65,24.39,-0.26,-1.054767,0.859247,3.138075,2.028146,11.892873,None,None,None,None,None,None,None,None,None,23.25,9.409676,2.028146,9.409676,4.982964,None,None,None,None,42376990,1233,
00654R FB印度反1,2016-08-31 00:00:00,NTD,17.62,17.6,-0.02,-0.113507,-0.508187,-1.674107,-1.454139,-6.574761,None,None,None,None,None,None,None,None,None,-11.9,-5.013477,-1.454139,-5.013477,-2.598121,None,None,None,None,42376984,1233,
00655L 國泰中國A50正2,2016-08-31 00:00:00,NTD,23.02,23.05,0.03,0.130321,0.920649,-0.518583,7.269338,8.075117,None,None,None,None,None,None,None,None,None,15.1,11.639185,7.269338,11.639185,0.743982,None,None,None,None,42385148,1236,
00656R 國泰中國A50反1,2016-08-31 00:00:00,NTD,17.89,17.79,-0.1,-0.558971,-0.500556,0.111919,-4.126474,-5.64346,None,None,None,None,None,None,None,None,None,-10.55,-6.530825,-4.126474,-6.530825,-0.389755,None,None,None,None,42385127,1237,
00657 國泰日經225,2016-08-31 00:00:00,NTD,20.72,20.61,-0.11,-0.530888,0.925475,1.668302,1.768173,-1.754386,None,None,None,None,None,None,None,None,None,3.6,8.595388,1.768173,8.595388,3.135889,None,None,None,None,42389475,1232,
00658L 國泰日本正2,2016-08-31 00:00:00,NTD,21.32,21.26,-0.06,-0.281426,1.572177,3.746959,3.194579,-6.85889,None,None,None,None,None,None,None,None,None,6.6,15.932572,3.194579,15.932572,5.544554,None,None,None,None,42389496,1232,
00659R 國泰日本反1,2016-08-31 00:00:00,NTD,18.62,18.56,-0.06,-0.322234,-0.799148,-2.051552,-2.051552,0.539957,None,None,None,None,None,None,None,None,None,-6.9,-8.321024,-2.051552,-8.321024,-2.818372,None,None,None,None,42389480,1232,
00660 元大歐洲50,2016-08-31 00:00:00,NTD,20.94,20.73,-0.21,-1.002865,-0.333175,0,0.867052,None,None,None,None,None,None,None,None,None,None,4.7,4.962406,0.867052,4.962406,0.047778,None,None,None,None,42398684,1221,
00661 元大日經225,2016-08-31 00:00:00,NTD,21.39,21.26,-0.13,-0.607761,0.848656,1.422475,1.954242,None,None,None,None,None,None,None,None,None,None,6.95,7.97577,1.954242,7.97577,2.886003,None,None,None,None,42398663,1232,
00662 FB NASDAQ,2016-08-31 00:00:00,NTD,21.13,20.88,-0.25,-1.183152,0,-0.377181,0.284765,None,None,None,None,None,None,None,None,None,None,5.65,6.394763,0.284765,6.394763,-0.047304,None,None,None,None,42399305,1231,
00663L 國泰臺灣加權正2,2016-08-31 00:00:00,NTD,21.6,21.65,0.05,0.231481,-1.324806,0.465116,3.151862,None,None,None,None,None,None,None,None,None,None,8,None,3.151862,None,-2.306649,None,None,None,None,42404264,1152,
00664R 國泰臺灣加權反1,2016-08-31 00:00:00,NTD,19.14,19.12,-0.02,-0.104493,0.630915,-0.260552,-1.846154,None,None,None,None,None,None,None,None,None,None,-4.3,None,-1.846154,None,1.10935,None,None,None,None,42404258,1153,
00665L FB H股正2,2016-08-31 00:00:00,NTD,22.48,22.49,0.01,0.044484,-0.618921,1.033708,12.343828,None,None,None,None,None,None,None,None,None,None,12.4,None,12.343828,None,0.536673,None,None,None,None,42404573,1233,
00666R FB H股反1,2016-08-31 00:00:00,NTD,18.74,18.65,-0.09,-0.480256,0.374933,-0.636267,-6.3,None,None,None,None,None,None,None,None,None,None,-6.3,None,-6.3,None,-0.266099,None,None,None,None,42404567,1233,
008201 BP上證50,2016-08-31 00:00:00,NTD,85.0214,84.6,-0.42,-0.49564,0.371162,-0.498436,2.383736,7.697004,15.093331,-3.535717,2.338878,46.365035,44.523922,51.512786,33.328838,None,-5.057381,11.066492,4.447611,2.383736,4.447611,0.507257,-12.892819,45.394629,33.661271,43.631062,None,None,
01001T 土銀富邦R1,2016-08-31 00:00:00,NTD,17.9,16.1,-1.8,-10.055866,0,0.055897,0.167879,0.448934,-1.498095,-1.019931,-0.590981,1.084835,4.868763,18.32313,45.639386,81.910644,-1.603727,157.491851,0.223964,0.167879,0.223964,0.055897,0.443026,4.032488,8.217696,22.388951,99974193,None,
01002T 土銀國泰R1,2016-08-31 00:00:00,NTD,17.67,17,-0.67,-3.791737,0.056625,0.056625,0.226886,0.683761,0.940187,1.561879,12.524514,19.234759,36.614759,54.415236,78.187845,100.599984,1.334925,156.264294,0.454804,0.226886,0.454804,0.056625,13.94027,21.055381,39.263847,57.726733,48581505,None,
01003T 兆豐新光R1,2016-08-31 00:00:00,NTD,17.47,13.81,-3.66,-20.9502,0,0,0.172018,0.460035,0.865929,1.32415,1.902815,11.46741,20.082712,27.704523,46.772317,64.372295,1.209205,131.490939,0.287026,0.172018,0.287026,0,10.656243,19.087757,26.773604,36.858022,48690150,None,
01004T 土銀富邦R2,2016-08-31 00:00:00,NTD,14.89,13.85,-1.04,-6.984553,0,0.067204,0.201884,0.812458,0.352065,1.023766,1.533463,4.292291,8.687072,18.072642,33.951146,45.039625,0.754009,101.586191,0.540176,0.201884,0.540176,0,3.377358,7.756181,12.451271,32.636135,48731223,None,
01007T 兆豐國泰R2,2016-08-31 00:00:00,NTD,18.19,16.1,-2.09,-11.48983,0,0.055006,0.220386,0.608407,0.716154,-1.96532,-1.269842,5.066697,14.38032,30.663014,46.05296,64.206242,-2.121675,137.056303,0.386313,0.220386,0.386313,0,4.203741,13.420361,29.378473,44.541979,48798595,None,
CHI99 TEJ 中國概念股,2016-08-31 00:00:00,None,2778.567,2778.57,0,0,-1.3117,-0.114855,-0.185004,5.909521,8.030032,5.186793,0.1131,-12.255788,12.498968,19.633037,23.217776,17.093809,6.295723,None,3.725517,-0.185004,3.725517,-1.465062,None,None,None,None,None,None,
ES22 施羅德四年主權B,2016-08-31 00:00:00,NTD,10.0587,None,None,None,-0.052663,None,None,None,None,None,None,None,None,None,None,None,None,0.587,None,None,None,0.590018,None,None,None,None,42440509A,3511,
ES23 施羅德四年主權A$,2016-08-31 00:00:00,USD,9.9811,None,None,None,-0.047067,None,None,None,None,None,None,None,None,None,None,None,None,-0.189,None,None,None,-0.186006,None,None,None,None,42440509B,3511,
ES24 施羅德四年主權B$,2016-08-31 00:00:00,USD,9.9811,None,None,None,-0.047067,None,None,None,None,None,None,None,None,None,None,None,None,-0.189,None,None,None,-0.186006,None,None,None,None,42440509C,3511,
FP56 富邦全球不動產 $,2016-08-31 00:00:00,USD,0.29,None,None,None,None,None,None,None,None,None,None,None,None,None,None,None,None,-97.1,None,None,None,None,None,None,None,None,99991502B,7100,
FRMSA 寶島指數,2016-08-31 00:00:00,None,10483.82,10483.82,0,0,-0.4083,0.564414,0.839025,5.714574,7.267706,8.288823,11.702307,-4.237674,None,None,None,None,7.981431,None,4.346311,0.839025,4.346311,-0.597525,None,None,None,None,None,None,
FRMSR 寶島報酬指數,2016-08-31 00:00:00,None,11635.66,11635.66,0,0,-0.3689,0.705897,1.776772,9.606485,11.223204,12.28189,16.236644,3.264976,None,None,None,None,11.963165,None,7.076199,1.776772,7.076199,-0.511395,None,None,None,None,None,None,
FT30 富蘭亞太平衡A,2016-08-31 00:00:00,NTD,9.99,None,None,None,0,None,None,None,None,None,None,None,None,None,None,None,None,-0.1,None,None,None,None,None,None,None,None,42407614A,2321,
FT3001 富蘭亞太平衡B,2016-08-31 00:00:00,NTD,9.99,None,None,None,0,None,None,None,None,None,None,None,None,None,None,None,None,-0.1,None,None,None,None,None,None,None,None,42407614B,2321,
FT31 富蘭亞太平衡A$,2016-08-31 00:00:00,USD,10.01,None,None,None,0,None,None,None,None,None,None,None,None,None,None,None,None,0.1,None,None,None,None,None,None,None,None,42407614C,2321,
FT3101 富蘭亞太平衡B$,2016-08-31 00:00:00,USD,10.01,None,None,None,0,None,None,None,None,None,None,None,None,None,None,None,None,0.1,None,None,None,None,None,None,None,None,42407614D,2321,
FT32 富蘭亞太平衡BC,2016-08-31 00:00:00,RMB,10.01,None,None,None,0,None,None,None,None,None,None,None,None,None,None,None,None,0.1,None,None,None,None,None,None,None,None,42407614E,2321,
M2300 電子類指數,2016-08-31 00:00:00,None,370.04,370.04,0,0,-0.2023,0.77891,0.965894,8.752131,10.443217,13.589342,17.626117,-0.368865,26.147133,33.492063,34.116197,24.161997,12.910017,None,5.454545,0.965894,5.454545,-0.684398,None,None,None,None,None,None,
M23TR 電子報酬,2016-08-31 00:00:00,None,557.54,557.54,0,0,-0.1701,0.883002,1.78917,12.727714,14.482249,17.743707,22.557812,7.839307,40.80004,53.94003,61.231926,55.476854,17.039276,None,7.645673,1.78917,7.645673,-0.607897,None,None,None,None,None,None,
M2800 金融保險類指數,2016-08-31 00:00:00,None,998.06,998.06,0,0,-0.9065,2.168127,2.317905,4.811812,8.088848,-2.520828,-6.507545,-10.668158,5.106522,25.56741,5.528828,16.815506,0.597704,None,6.47109,2.317905,6.47109,0.350905,None,None,None,None,None,None,
M28TR 金融報酬,2016-08-31 00:00:00,None,1346.3,1346.3,0,0,-0.9068,2.168122,4.045751,9.372588,12.791341,1.719631,-2.408791,-3.24134,17.258198,43.421753,23.075657,39.015953,4.974659,None,9.163295,4.045751,9.163295,0.350328,None,None,None,None,None,None,
MSB79 MSCI全球,2016-08-31 00:00:00,None,482.25,482.25,0,0,-0.200737,-0.066312,0.458704,3.221318,10.080121,0.676395,4.589126,3.205855,21.881871,41.426435,52.427461,60.14678,2.912932,None,4.507531,0.458704,4.507531,0.228619,None,None,None,None,None,None,
MSCI 摩根台股指數,2016-08-31 00:00:00,None,337.85,337.85,0,0,-0.486,0.562567,0.571548,7.328928,10.066786,10.42654,9.638163,-1.596132,19.045102,28.901183,23.555442,25.213105,10.592818,None,5.046328,0.571548,5.046328,-0.894691,None,None,None,None,None,None,
MSCIR 摩台TR,2016-08-31 00:00:00,None,639.265,639.27,0,0,-0.4587,0.612237,1.427327,11.28161,14.120432,14.490781,14.186069,6.127968,32.249502,47.252993,46.497771,54.462577,14.666162,None,7.317208,1.427327,7.317208,-0.848257,None,None,None,None,None,None,
OTC23 OTC 電子類,2016-08-31 00:00:00,None,171.01,171.01,0,0,0.4936,1.61022,2.254245,5.653033,4.798382,9.882413,24.199288,-4.244359,23.571067,32.054054,19.104332,-10.013681,6.934717,None,4.593272,2.254245,4.593272,1.201326,None,None,None,None,None,None,
OTC99 OTC 指數,2016-08-31 00:00:00,None,130.43,130.43,0,0,0.0614,0.508592,-0.076611,0.952012,2.322115,2.049918,20.545287,-7.25967,10.618268,24.837289,16.967088,-2.07958,1.069353,None,1.660171,-0.076611,1.660171,0.261358,None,None,None,None,None,None,
OTCTR 櫃檯報酬指數,2016-08-31 00:00:00,None,180.09,180.09,0,0,0.0945,0.738379,0.72711,3.714582,5.119075,4.843686,24.302871,-1.374589,20.679488,40.344451,36.173913,17.821394,3.834179,None,3.918061,0.72711,3.918061,0.367831,None,None,None,None,None,None,
R000010 上證180全收益,2016-08-31 00:00:00,None,9128.913,9128.91,0,0,0.3599,-0.171697,3.451581,6.843616,17.753499,-5.395865,-0.213414,45.712664,53.103508,66.259492,36.041082,33.705346,-8.574912,None,7.415076,3.451581,7.415076,0.46615,None,None,None,None,None,None,
R000016 上證50全收益,2016-08-31 00:00:00,None,2912.673,2912.67,0,0,0.3889,0.022321,3.900061,6.252221,17.963916,-1.724021,3.995474,48.467675,53.07525,62.232826,40.298924,36.728265,-5.180654,None,7.081755,3.900061,7.081755,0.603968,None,None,None,None,None,None,
R000300 滬深300全收益,2016-08-31 00:00:00,None,3975.836,3975.84,0,0,0.4805,-0.05151,4.067708,6.957846,18.137428,-4.644137,1.093924,47.759453,53.514887,65.172917,30.498613,29.644994,-8.862146,None,6.794317,4.067708,6.794317,0.629339,None,None,None,None,None,None,
R000998 中證TMT全收益,2016-08-31 00:00:00,None,2412.261,2412.26,0,0,-0.2273,-0.211799,2.969134,4.806637,18.527791,-16.997842,4.769629,52.530904,93.778939,203.407303,None,None,-19.402891,None,1.099146,2.969134,1.099146,0.046078,None,None,None,None,None,None,
R399333 中小板R,2016-08-31 00:00:00,None,7602.858,7602.86,0,0,-0.078,-0.113683,3.399926,5.186105,17.022569,-14.010733,-1.597851,35.570391,46.317308,73.346463,27.817772,18.349993,-16.37489,None,1.164269,3.399926,1.164269,0.274623,None,None,None,None,None,None,
R399606 創業板R,2016-08-31 00:00:00,None,2267.087,2267.09,0,0,-0.1719,-0.018787,3.26735,1.598581,16.968924,-17.712958,10.132051,54.738136,86.851731,215.355425,144.222375,120.864837,-18.970214,None,-1.572906,3.26735,-1.572906,0.091744,None,None,None,None,None,None,
S000001 上海綜指,2016-08-31 00:00:00,None,3085.491,3085.49,0,0,0.3517,-0.012606,3.562938,5.790101,14.788508,-10.446203,-3.758408,39.1616,47.041435,50.693912,20.182407,16.927897,-12.819092,None,5.321023,3.562938,5.321023,0.494478,None,None,None,None,None,None,
S000010 上証180,2016-08-31 00:00:00,None,7138.265,7138.27,0,0,0.3599,-0.174932,3.251073,4.609061,15.03371,-7.636405,-2.673609,39.771369,42.385586,50.27205,20.238376,16.424055,-10.724472,None,5.973645,3.251073,5.973645,0.462889,None,None,None,None,None,None,
S000016 上証50,2016-08-31 00:00:00,None,2232.712,2232.71,0,0,0.3889,0.022354,3.594636,3.574596,14.815354,-4.433439,1.007262,41.196142,40.441836,43.934595,21.241635,16.050932,-7.769701,None,5.185965,3.594636,5.185965,0.603972,None,None,None,None,None,None,
S000300 滬深300,2016-08-31 00:00:00,None,3327.793,3327.79,0,0,0.4772,-0.062165,3.865971,4.992303,15.650084,-6.69073,-1.150827,42.31756,43.816873,50.929353,16.896904,14.625474,-10.807061,None,5.512884,3.865971,5.512884,0.626019,None,None,None,None,None,None,
S000998 中證TMT,2016-08-31 00:00:00,None,2343.803,2343.8,0,0,-0.2273,-0.211812,2.95855,4.546412,18.025297,-17.349758,4.321053,51.459634,91.31727,197.509041,None,None,-19.744592,None,0.980376,2.95855,0.980376,0.0461,None,None,None,None,None,None,
T0101Y 兆豐國際寶鑽貨幣,2016-08-31 00:00:00,NTD,12.4067,None,None,None,0.000806,0.006449,0.028219,0.080667,0.176021,0.281283,0.417641,1.00955,1.611807,2.308955,3.089348,3.718473,0.240771,24.067,0.053225,0.028219,0.053225,0.004836,0.815842,1.400037,2.0716,2.831314,18044796,4100,
T0102Y 兆豐國際第一,2016-08-31 00:00:00,NTD,12.11,None,None,None,-0.16488,1.423786,1.679261,6.042032,3.06383,2.453469,4.848485,-7.627765,14.67803,18.72549,3.859348,-0.819001,3.415884,123.363512,6.22807,1.679261,6.22807,0.748752,-2.022656,11.305141,25.883567,27.205864,965469,1110,
T0103Y 兆豐國際國民,2016-08-31 00:00:00,NTD,21.44,None,None,None,-0.832562,-0.232666,0.704556,7.2,8.030549,6.622815,8.936131,-4.834837,7.616988,14.317288,5.18155,4.574311,7.036082,225.318435,6.29648,0.704556,6.29648,-0.969977,0.561354,-0.629506,10.804771,28.829213,1050148,1110,
T0104Y 兆豐國際全球,2016-08-31 00:00:00,NTD,27.86,None,None,None,-0.143369,-0.571021,1.345944,0.360231,5.330813,-11.527469,-10.186976,-14.224138,-4.063361,8.615984,2.238532,-2.55334,-10.331509,178.6,5.810862,1.345944,5.810862,0.035907,-16.51183,-12.251958,2.577331,10.996026,992769,1211,
T0105Y 兆豐國際萬全,2016-08-31 00:00:00,NTD,17.87,None,None,None,-0.223339,1.074661,3.235124,6.369048,6.242568,9.631902,10.856079,5.241461,20.174849,28.468728,23.071625,15.66343,7.975831,294.277127,6.750299,3.235124,6.750299,0.562746,8.8307,12.744487,26.379073,30.628657,971976,2200,
T0107Y 兆豐國際中小,2016-08-31 00:00:00,NTD,13.14,None,None,None,0.152439,1.545595,1.62413,5.882353,5.711987,5.967742,11.450382,-1.720269,17.847534,16.903915,5.457464,-3.806735,6.916192,31.4,6.138934,1.62413,6.138934,0.921659,4.95207,12.211773,22.574615,29.458117,81584996,1130,
T0108Y 兆豐國際電子,2016-08-31 00:00:00,NTD,21.49,None,None,None,0.093153,1.944972,2.528626,6.862258,7.021912,6.228374,13.824153,-0.324675,24.435437,31.840491,32.083589,25.087311,7.289066,135.635965,5.966469,2.528626,5.966469,0.5145,5.343137,17.947315,32.164822,49.756098,73991751,1120,
T0109Y 兆豐國際生命科學,2016-08-31 00:00:00,NTD,16.4,None,None,None,-0.606061,-2.031063,-4.651163,-4.428904,0.1221,-15.42032,-17.129864,-9.191584,14.365411,28.02498,36.099585,49.090909,-16.708989,64,3.339635,-4.651163,3.339635,-1.264299,-15.767847,0.985219,31.726902,30.055512,14699772,1211,
T0110Y 兆豐豐台灣,2016-08-31 00:00:00,NTD,27.79,25.85,-1.94,-6.980928,-0.643547,0,0.907771,6.149733,5.866667,4.591645,7.255886,-5.121202,8.216511,26.088929,38.052658,50.216216,4.631024,177.9,5.745814,0.907771,5.745814,-0.608011,1.054546,0.180246,26.952953,50.460212,10341837,1110,
T0112Y 兆豐國際綠鑽,2016-08-31 00:00:00,NTD,7.21,None,None,None,-0.414365,-0.688705,1.40647,1.264045,5.56369,-4.376658,-2.960969,-20.155039,-7.564103,-2.170963,-10.434783,-23.864836,-0.688705,-27.9,2.414773,1.40647,2.414773,-0.138504,-13.132532,-18.806309,-2.830191,-5.256246,25637773,1211,
T0114Y 兆豐國際全球高股,2016-08-31 00:00:00,NTD,10.16,None,None,None,-0.294406,-0.684262,-1.263362,-1.071081,3.252033,-2.868069,0,1.094527,14.672686,23.45079,10.675381,None,-1.835749,1.6,-1.071081,-1.263362,-1.071081,-0.098328,-0.781248,3.673471,18.139537,21.968789,26278352,1211,
T0115Y 兆豐國際民生動力,2016-08-31 00:00:00,NTD,10.23,None,None,None,-0.389484,-1.15942,-1.729107,-0.486381,3.125,-2.941176,0,-1.917546,6.010363,19.92966,10.355987,None,-2.292264,2.3,0.788177,-1.729107,0.788177,-0.292398,-0.486377,-2.292264,13.793099,23.999998,26299315,1211,
T0116A 兆豐國際全債組 A,2016-08-31 00:00:00,NTD,10.84,None,None,None,0,-0.092166,0.649954,1.879699,4.7343,3.533906,3.238095,1.879699,9.939148,None,None,None,3.930968,8.4,1.593252,0.649954,1.593252,0.092336,3.238097,6.274514,None,None,31829638A,5223,
T0116Y 兆豐國際全債組 B,2016-08-31 00:00:00,NTD,10.81,None,None,None,0,-0.092421,0.651769,1.885014,4.748062,3.544061,3.148855,1.885014,9.945176,10.132462,None,None,3.942308,12.665509,1.597744,0.651769,1.597744,0.092593,3.24738,6.280338,6.994783,None,31829638B,5223,
T0117A 兆豐國際新高債 A,2016-08-31 00:00:00,NTD,9.9622,None,None,None,-0.148341,-0.447687,1.006803,4.240915,10.017559,6.34514,4.77152,-1.575822,9.398988,None,None,None,9.140109,-0.378,2.738045,1.006803,2.738045,-0.107291,2.330693,4.772618,None,None,31923107A,3522,
T0117B 兆豐國際新高債 B,2016-08-31 00:00:00,NTD,8.5261,None,None,None,-0.148733,-0.4472,1.00619,4.240341,10.017331,6.344124,4.771414,-1.573084,9.402177,None,None,None,9.139773,-0.375199,2.738286,1.00619,2.738286,-0.106617,2.334196,4.776335,None,None,31923107B,3522,
T0118Y 兆豐人民幣貨幣市,2016-08-31 00:00:00,RMB,10.7716,None,None,None,0.006499,0.04644,0.219576,0.624959,1.434181,2.45299,3.322718,6.477665,None,None,None,None,2.145011,7.716,0.413901,0.219576,0.413901,0.033432,5.486026,None,None,None,38522710,4200,
T0119A 兆豐中國 A股,2016-08-31 00:00:00,NTD,14.35,None,None,None,0.139567,-0.416378,0.139567,6.139053,10.725309,-1.644962,3.311735,43.643644,None,None,None,None,-6.636304,43.5,4.212055,0.139567,4.212055,0.209497,5.904057,None,None,None,38592074A,1234,
T0119B 兆豐中國 A股 $,2016-08-31 00:00:00,USD,13.7,None,None,None,0.073046,-0.291121,0.883652,9.163347,16.794544,1.783061,7.198748,37,None,None,None,None,-2.767921,37,6.119287,0.883652,6.119287,0.073046,6.449092,None,None,None,38592074B,1234,
T0120A 兆豐策略ETF,2016-08-31 00:00:00,NTD,9.9704,None,None,None,-0.127215,-0.325902,-0.409533,1.011083,2.013588,-0.292012,0.539483,None,None,None,None,None,0.952786,-0.296,0.569907,-0.409533,0.569907,-0.056135,None,None,None,None,42312011A,5240,
T0120B 兆豐策略ETF USD,2016-08-31 00:00:00,USD,10.0165,None,None,None,-0.135592,-0.260886,-0.104717,2.389933,4.881522,1.573829,2.613355,None,None,None,None,None,3.148041,0.165,1.403132,-0.104717,1.403132,-0.12663,None,None,None,None,42312011B,5240,
T0121A 兆豐大中華平衡,2016-08-31 00:00:00,NTD,9.63,None,None,None,0,-0.41365,-0.823893,0.3125,3.215434,None,None,None,None,None,None,None,-3.892216,-3.7,-0.207254,-0.823893,-0.207254,-0.310559,None,None,None,None,42334401A,2321,
T0121B 兆豐大中華平衡 $,2016-08-31 00:00:00,USD,9.91,None,None,None,-0.100806,-0.40201,-0.40201,2.481903,7.135135,None,None,None,None,None,None,None,-0.800801,-0.9,1.122449,-0.40201,1.122449,-0.40201,None,None,None,None,42334401B,2321,
T0121C 兆豐大中華平衡 C,2016-08-31 00:00:00,RMB,10.17,None,None,None,-0.098232,-0.098232,0.098425,3.77551,9.945946,None,None,None,None,None,None,None,1.801802,1.7,1.7,0.098425,1.7,-0.196271,None,None,None,None,42334401C,2321,
T0123A 兆豐美元貨市,2016-08-31 00:00:00,NTD,10.0107,None,None,None,0.019983,-0.136667,None,None,None,None,None,None,None,None,None,None,None,0.107,None,None,None,0.177124,None,None,None,None,42406642A,4200,
T0123B 兆豐美元貨市 $,2016-08-31 00:00:00,USD,10.0032,None,None,None,0.001,0.006998,None,None,None,None,None,None,None,None,None,None,None,0.032,None,None,None,0.004999,None,None,None,None,42406642B,4200,
T0306Y 第一金全家福貨幣,2016-08-31 00:00:00,NTD,176.543,None,None,None,0.001133,0.005665,0.026063,0.075393,0.168514,0.270352,0.39637,0.933046,1.466743,2.104636,2.851766,3.405397,0.231641,76.543,0.049304,0.026063,0.049304,0.003965,0.757355,1.281058,1.878975,2.604306,1032249,4100,
T0310Y 第一金台灣貨幣,2016-08-31 00:00:00,NTD,15.1328,None,None,None,0.000661,0.005287,0.02644,0.077375,0.172771,0.275657,0.40806,0.972169,1.523578,2.174089,2.927413,3.468599,0.235805,51.328,0.050909,0.02644,0.050909,0.003965,0.78522,1.329154,1.943511,2.678092,20081472,4100,
T0311Y 第一金店頭,2016-08-31 00:00:00,NTD,8.08,None,None,None,0.123916,1.63522,1.891551,3.061224,-3.0012,1.763224,19.881306,1.253133,16.931983,27.64613,8.456376,1.63522,1.507538,-19.2,3.589744,1.891551,3.589744,0.873908,6.036748,14.935989,26.44757,30.322576,20092528,1140,
T0313Y 第一金小型,2016-08-31 00:00:00,NTD,26.75,25.4,-1.35,-5.046729,0.224803,1.595139,1.672368,5.814873,2.411945,1.827179,8.695652,3.082852,31.320569,48.776418,40.27268,44.829453,2.255352,167.5,4.126119,1.672368,4.126119,0.82925,9.541358,20.985968,49.10813,67.396747,73989002,1130,
T0314Y 第一金電子,2016-08-31 00:00:00,NTD,24.43,23.65,-0.78,-3.192796,0.081934,1.411374,0.617792,8.337029,7.811121,12.528789,18.765192,-8.261359,14.47985,41.377315,46.726727,52.59213,13.364269,144.3,6.727829,0.617792,6.727829,0.287356,-5.675679,3.824897,43.705872,70.125345,19341318,1120,
T0316Y 第一金亞洲科技,2016-08-31 00:00:00,NTD,16.13,None,None,None,0.435866,0.310945,2.673456,10.027285,18.690213,6.891981,11.088154,6.750496,25.525292,33.305785,29.975826,28.219396,8.182428,61.3,10.177596,2.673456,10.177596,1.574307,8.400548,14.316082,29.871171,40.139005,17612378,1222,
T0318Y 第一金大中華,2016-08-31 00:00:00,NTD,19.77,None,None,None,-0.201918,1.177073,3.670687,7.73842,6.864865,6.005362,7.914847,-5.451937,19.600726,27.878396,10.694289,8.150985,5.496265,97.7,8.985667,3.670687,8.985667,0.25355,2.117752,12.202026,32.684548,33.041703,15739619,11A0,
T0320Y 第一金中概平衡,2016-08-31 00:00:00,NTD,20.45,None,None,None,0.146915,1.640159,1.187531,3.701826,3.02267,2.352352,3.96543,1.037549,17.663982,27.892433,19.66062,31.850419,3.439555,104.5,2.557673,1.187531,2.557673,0.689316,4.44332,11.383451,26.939793,34.62805,99353151,2200,
T0326A 第一金全球不動 A,2016-08-31 00:00:00,NTD,7.9653,None,None,None,-0.192966,-1.609516,-3.796077,-0.325354,3.598835,2.23326,3.534198,3.339431,21.359356,30.367109,37.051567,41.570098,0.375528,-20.347,-1.411013,-3.796077,-1.411013,-0.631245,-2.130558,9.094275,23.527493,46.590709,48892846A,7100,
T0326B 第一金全球不動 B,2016-08-31 00:00:00,NTD,5.9897,None,None,None,-0.191628,-1.608187,-3.795374,-0.324416,3.599629,2.234614,3.536305,3.341788,21.361488,30.363058,37.02887,41.548177,0.375803,-20.344677,-1.409067,-3.795374,-1.409067,-0.630423,-2.129447,9.097443,23.524528,46.577116,48892846B,7100,
T0331Y 第一金全球大趨勢,2016-08-31 00:00:00,NTD,18.42,None,None,None,0,-0.216685,-1.549973,-2.950474,-3.661088,-6.828528,-2.073365,3.193277,19.921875,35.840708,23.624161,20.078227,-5.635246,84.2,-1.655099,-1.549973,-1.655099,0.545852,-1.127213,6.412476,32.137724,41.14942,10338642,1211,
T0332A 第一金全球高收 A,2016-08-31 00:00:00,NTD,14.5069,None,None,None,-0.020676,0.08555,1.389423,2.967605,7.545351,3.782318,2.515017,-1.090217,6.544603,9.582801,20.345268,24.660783,6.343877,45.069,3.015864,1.389423,3.015864,0.150499,2.436831,2.937642,6.660537,16.81402,25593418A,3521,
T0332B 第一金全球高收 B,2016-08-31 00:00:00,NTD,9.7765,None,None,None,-0.021475,0.08497,1.467316,3.04673,7.629127,3.864138,2.5961,-1.00036,6.641435,9.68206,20.45431,24.768781,6.427621,45.166278,3.094384,1.467316,3.094384,0.150587,2.530976,3.030389,6.757852,16.921103,25593418B,3521,
T0332C 第一金全球高收A$,2016-08-31 00:00:00,USD,9.3447,None,None,None,-0.041717,0.062106,1.602644,3.980194,9.838147,3.404891,1.905125,-6.689234,None,None,None,None,7.347417,-6.553,3.697498,1.602644,3.697498,0.037468,-0.262568,None,None,None,25593418C,3521,
T0332D 第一金全球高收B$,2016-08-31 00:00:00,USD,8.3816,None,None,None,-0.040549,0.063274,1.695167,4.07125,9.942047,3.530645,1.831995,None,None,None,None,None,7.473305,-6.739512,3.789725,1.695167,3.789725,0.038193,-0.382376,None,None,None,25593418D,3521,
T0334A 第一中國世紀CNY,2016-08-31 00:00:00,RMB,13.39,None,None,None,-0.297841,-0.149142,3.557618,7.377706,17.766051,0,5.599369,None,None,None,None,None,-3.041274,33.9,5.766193,3.557618,5.766193,-0.520059,19.022212,None,None,None,25620512B,1223,
T0334Y 第一金中國世紀,2016-08-31 00:00:00,NTD,10.39,None,None,None,-0.287908,-0.574163,1.962709,2.769535,9.024134,-7.397504,-1.795841,33.376123,45.314685,51.900585,27.798278,18.33713,-8.699473,3.9,3.692615,1.962709,3.692615,-0.383509,10.41446,36.890653,27.641282,44.506265,25620512A,1223,
T0335Y 第一金亞洲新興市,2016-08-31 00:00:00,NTD,11.62,None,None,None,0.172414,0.345423,0.432152,8.294501,9.622642,7.692308,11.730769,6.703398,28.539823,24.145299,18.450561,20.041322,2.922941,16.2,5.253623,0.432152,5.253623,0.606061,2.288737,18.329943,17.611329,31.596821,25652648,1224,
T0336Y 第一金創新,2016-08-31 00:00:00,NTD,16.58,15.55,-1.03,-6.212304,-0.060277,1.96802,3.04537,8.436887,5.87484,8.153947,16.596343,14.661134,44.425087,60.814743,57.604563,None,9.656085,65.8,8.153947,3.04537,8.153947,0.790274,20.757466,31.69182,60.503393,89.269416,26202396,1110,
T0343A 第一金全球多息 A,2016-08-31 00:00:00,NTD,10.4522,None,None,None,-0.054504,-0.384084,-0.584951,0.25418,2.250005,0.564776,2.443423,4.0434,None,None,None,None,1.643457,4.522,0.306133,-0.584951,0.306133,-0.027738,2.715237,None,None,None,38539992A,2310,
T0343B 第一金全球多息 B,2016-08-31 00:00:00,NTD,9.5965,None,None,None,-0.054157,-0.384076,-0.583972,0.255117,2.250627,0.564506,2.443251,4.043874,None,None,None,None,1.64365,4.522476,0.307223,-0.583972,0.307223,-0.027086,2.715392,None,None,None,38539992B,2310,
T0344A 第一人幣貨幣市場,2016-08-31 00:00:00,NTD,9.7143,None,None,None,0.028832,-0.457019,-0.870444,-3.689126,-6.192785,-5.273474,-4.484583,None,None,None,None,None,-3.958595,-2.857,-1.800372,-0.870444,-1.800372,0.039133,None,None,None,None,38646796A,4200,
T0344B 第一人幣貨幣 CNY,2016-08-31 00:00:00,RMB,10.4694,None,None,None,0.005731,0.041089,0.195234,0.556116,1.287695,2.144474,2.900445,None,None,None,None,None,1.879081,4.694,0.370058,0.195234,0.370058,0.029619,None,None,None,None,38646796B,4200,
T0345A 第一金人幣高債A,2016-08-31 00:00:00,NTD,9.7039,None,None,None,0.044332,-0.473841,-0.909834,-2.429239,-4.504212,None,None,None,None,None,None,None,-3.252211,-2.961,-0.874406,-0.909834,-0.874406,0.082509,None,None,None,None,42334486A,3524,
T0345B 第一金人幣高債B,2016-08-31 00:00:00,NTD,9.4718,None,None,None,0.043305,-0.47494,-0.909746,-2.430023,-4.504979,None,None,None,None,None,None,None,-3.252988,-2.961779,-0.875202,-0.909746,-0.875202,0.082418,None,None,None,None,42334486B,3524,
T0345C 第一金人幣高債AC,2016-08-31 00:00:00,RMB,10.335,None,None,None,-0.050289,-0.023217,0.542844,1.93514,3.083015,None,None,None,None,None,None,None,2.709095,3.35,1.099525,0.542844,1.099525,-0.107287,None,None,None,None,42334486C,3524,
T0345D 第一金人幣高債BC,2016-08-31 00:00:00,RMB,10.0944,None,None,None,-0.049508,-0.02377,0.528941,1.876837,3.024055,None,None,None,None,None,None,None,2.650349,3.290887,1.041699,0.528941,1.041699,-0.112807,None,None,None,None,42334486D,3524,
T0346A 第一機器人自動,2016-08-31 00:00:00,NTD,10.12,None,None,None,-0.589391,-0.978474,0.19802,1.301301,None,None,None,None,None,None,None,None,None,1.2,1.606426,0.19802,1.606426,-0.098717,None,None,None,None,42399017A,1211,
T0346B 第一機器人自動$,2016-08-31 00:00:00,USD,10.4289,None,None,None,-0.598568,-0.776366,0.8988,4.182734,None,None,None,None,None,None,None,None,None,4.289,3.467468,0.8988,3.467468,-0.198094,None,None,None,None,42399017B,1211,
T0405Y 匯豐安富,2016-08-31 00:00:00,NTD,22.81,None,None,None,-0.175055,0.440335,1.108156,5.260729,5.846868,5.945193,5.455386,-0.826087,10.620757,15.728057,15.610745,19.926393,5.945193,181.516519,3.728968,1.108156,3.728968,-0.087604,1.063361,6.538998,14.221333,21.978618,971080,2200,
T0406Y 匯豐成功,2016-08-31 00:00:00,NTD,33.8,None,None,None,-0.821596,-0.529723,0.955795,6.590981,6.624606,9.208401,6.289308,2.176542,7.063668,22.065728,19.014085,43.40263,8.263933,652.875882,6.793049,0.955795,6.793049,-1.285047,5.856557,0.535402,19.392442,29.750482,76941376,1110,
T0408Y 匯豐龍鳳,2016-08-31 00:00:00,NTD,42.1,None,None,None,-0.331439,0.983449,2.632862,10.267156,11.968085,11.582295,8.954451,-1.589528,17.597765,27.036814,23.315759,41.227776,11.938314,373.498315,7.645104,2.632862,7.645104,-0.071208,1.592657,10.672968,22.135176,34.935873,1031298,1110,
T0410Y 匯豐龍騰電子,2016-08-31 00:00:00,NTD,30.09,None,None,None,-0.298211,1.074908,3.047945,12.192394,13.718821,15.730769,18.185389,4.22584,33.141593,31.569742,22.019465,30.712424,16.537568,200.9,8.942795,3.047945,8.942795,-0.099602,7.349255,28.809924,32.147572,44.802707,92017794,1120,
T0411Y 匯豐富泰貨幣市場,2016-08-31 00:00:00,NTD,15.7772,None,None,None,0.000634,0.002535,0.012678,0.034873,0.074213,0.128832,0.209601,0.625674,1.063339,1.644773,2.283969,2.674033,0.106596,57.772,0.024091,0.012678,0.024091,0.001902,0.480838,0.904335,1.439571,2.078821,92025871,4100,
T0413Y 匯豐富泰二號貨幣,2016-08-31 00:00:00,NTD,14.9379,None,None,None,0.000669,0.003347,0.01473,0.042192,0.091127,0.150179,0.232836,0.659704,1.10596,1.703466,2.356448,2.761325,0.127355,49.379,0.028794,0.01473,0.028794,0.002008,0.512737,0.939267,1.494096,2.145776,97993027,4100,
T0414Y 匯豐中小,2016-08-31 00:00:00,NTD,9.54,None,None,None,-0.31348,1.16649,4.605263,11.971831,9.655172,9.153318,10.672854,10.034602,24.057217,39.270073,30.684932,43.028486,9.781358,-4.6,10.672854,4.605263,10.672854,0.315457,13.033167,18.656708,40.500715,61.694888,97995664,1130,
T0415Y 匯豐台灣精典,2016-08-31 00:00:00,NTD,19.76,None,None,None,-0.302725,0.970874,2.542813,10.083565,11.827957,11.073637,8.392759,-2.612124,16.509434,22.428748,16.78487,28.897586,11.512415,97.6,7.508161,2.542813,7.508161,-0.101112,0.662248,9.716829,19.612598,33.784696,73987671,1110,
T0417Y 匯豐太平洋精典,2016-08-31 00:00:00,NTD,14.68,None,None,None,-0.068074,0.341763,3.23488,10.293013,15.864246,6.531205,8.49963,0.341763,12.576687,18.101368,8.982925,6.531205,7.231556,46.8,7.624633,3.23488,7.624633,0.341763,2.228411,7.153287,8.90208,19.738997,18031954,1222,
T0425Y 匯豐金磚動力,2016-08-31 00:00:00,NTD,11.62,None,None,None,-0.513699,0.519031,3.657449,8.294501,18.089431,2.922941,6.801471,-10.339506,12.706111,10.456274,-3.085905,-9.289617,4.496403,16.2,7.294552,3.657449,7.294552,0.780572,-4.519312,2.831855,-0.768577,7.096773,48686374,1224,
T0427Y 匯豐五福全球債券,2016-08-31 00:00:00,NTD,13.4994,None,None,None,-0.008148,-0.076242,0.457661,2.716399,5.348837,5.047157,5.196141,4.499079,10.772488,10.173102,15.128566,12.149207,5.952437,34.994,1.336957,0.457661,1.336957,0.068939,4.267422,8.812591,8.087718,16.090901,48745129,5221,
T0428Y 匯豐新鑽動力,2016-08-31 00:00:00,NTD,9.18,None,None,None,-0.756757,-0.433839,2.569832,8.510638,16.645489,6.868452,7.242991,-10.26393,5.517241,1.436464,-7.459677,-8.2,8.767773,-8.2,6.25,2.569832,6.25,-0.108814,-8.747522,-1.713069,-7.738706,0.657884,48784327,1224,
T0429Y 匯豐全球趨勢組合,2016-08-31 00:00:00,NTD,10.25,None,None,None,-0.291829,-0.581959,-0.291829,-0.097466,4.805726,-3.665414,-2.287893,-2.843602,8.695652,15.558061,21.733967,18.49711,-1.157184,2.5,2.5,-0.291829,2.5,0.195503,-4.562383,-0.485441,12.144415,21.733953,48865209,5211,
T0431Y 匯豐全球關鍵資源,2016-08-31 00:00:00,NTD,7.13,None,None,None,-0.27972,-1.10957,0.140449,0.991501,6.736527,-0.834492,-1.383126,-17.857143,-1.925722,1.134752,-9.632446,-5.812417,2.442529,-28.7,1.71184,0.140449,1.71184,-0.418994,-8.823526,-11.207964,-1.519332,-4.55153,48925001,1212,
T0436A 匯豐中國動力 CNY,2016-08-31 00:00:00,RMB,2.93,None,None,None,0,0.687285,4.270463,10.566038,18.145161,3.533569,None,None,None,None,None,None,-1.013514,-70.7,7.326007,4.270463,7.326007,0,None,None,None,None,25500903B,1223,
T0436B 匯豐中國動力 USD,2016-08-31 00:00:00,USD,0.44,None,None,None,0,0,4.761905,10,15.789474,0,None,None,None,None,None,None,-2.222222,-95.6,7.317073,4.761905,7.317073,0,None,None,None,None,25500903C,1223,
T0436Y 匯豐中國動力,2016-08-31 00:00:00,NTD,13.9,None,None,None,0,0.2886,2.734664,5.783866,9.794629,-4.005525,0.870827,14.027892,26.824818,41.692151,30.27179,22.46696,-6.836461,39,5.30303,2.734664,5.30303,0.216294,-5.119455,18.600686,22.683152,39.418266,25500903A,1223,
T0438Y 匯豐雙高收益債券,2016-08-31 00:00:00,NTD,12.4041,None,None,None,-0.017733,-0.070089,1.252173,4.032441,8.541302,6.784607,6.058741,1.786418,8.478653,7.673545,16.563454,14.33404,8.457785,24.041,2.653205,1.252173,2.653205,0.073417,5.230971,5.402657,5.142662,15.300105,25617919,5223,
T0439Y 匯豐黃金及礦業股,2016-08-31 00:00:00,NTD,5.46,None,None,None,-2.150538,-6.346484,-15.61051,4.597701,15.923567,48.369565,40.721649,-8.080808,-10.197368,-33.495737,-50.49864,-47.5,47.96748,-45.4,-10.049423,-15.61051,-10.049423,-5.699482,15.923569,1.865682,-32.758615,-41.54175,25651866,1212,
T0440A 匯豐資源豐富國-A,2016-08-31 00:00:00,NTD,9.1976,None,None,None,-0.108606,-1.00847,-0.950904,3.413537,5.394876,4.295369,2.059476,-9.296569,-2.277943,-13.496229,-10.688172,-7.730583,5.774251,-8.024,-0.249441,-0.950904,-0.249441,-0.130299,-6.588259,-3.600218,-12.328666,-10.169161,25695077A,3511,
T0440B 匯豐資源豐富國-B,2016-08-31 00:00:00,NTD,6.2286,None,None,None,-0.157092,-1.468029,-1.337143,5.248062,8.39872,6.935596,3.842295,-10.945484,-1.888721,-14.977018,-11.754015,-8.772775,9.089547,-9.062878,-0.255767,-1.337143,-0.255767,-0.181093,-7.646329,-3.600108,-13.757286,-11.252788,25695077B,3511,
T0443A 匯豐亞洲高收債A,2016-08-31 00:00:00,NTD,11.9285,None,None,None,-0.081252,-0.331712,0.046968,2.461797,5.11266,5.284295,7.337287,3.209144,12.167944,11.627363,17.892687,None,5.640476,19.285,1.164428,0.046968,1.164428,-0.172398,5.755682,9.43478,7.309293,20.935786,26286281A,3523,
T0443B 匯豐亞洲高收債B,2016-08-31 00:00:00,NTD,9.1044,None,None,None,-0.104236,-0.42327,0.110691,3.366929,6.992274,7.351731,10.161649,5.401302,16.440858,15.737429,22.707607,None,7.773059,24.160007,1.617688,0.110691,1.617688,-0.217005,8.406055,13.124969,10.886663,25.894953,26286281B,3523,
T0443C 匯豐亞洲高收債AC,2016-08-31 00:00:00,RMB,2.5193,None,None,None,-0.162479,0.035737,1.209224,5.269096,9.606265,10.607191,11.094942,None,None,None,None,None,8.989833,-74.807,2.119984,1.209224,2.119984,-0.281032,None,None,None,None,26286281C,3523,
T0443D 匯豐亞洲高收債BC,2016-08-31 00:00:00,RMB,2.4116,None,None,None,-0.169723,0.037334,1.330098,5.646822,10.224768,11.315765,11.926324,None,None,None,None,None,9.621787,-74.618467,2.305712,1.330098,2.305712,-0.289424,None,None,None,None,26286281D,3523,
T0443E 匯豐亞洲高收債A$,2016-08-31 00:00:00,USD,0.3773,None,None,None,-0.079449,-0.26434,0.319064,3.653846,7.309443,6.25176,7.1875,None,None,None,None,None,7.096225,-96.227,1.917882,0.319064,1.917882,-0.237969,None,None,None,None,26286281E,3523,
T0443F 匯豐亞洲高收債B$,2016-08-31 00:00:00,USD,0.363,None,None,None,-0.110072,-0.274725,0.297023,3.711266,7.532235,6.428917,7.405773,None,None,None,None,None,7.334691,-96.219317,1.928632,0.297023,1.928632,-0.247321,None,None,None,None,26286281F,3523,
T0447Y 匯豐拉丁美洲,2016-08-31 00:00:00,NTD,7.1,None,None,None,-0.560224,-1.388889,-1.388889,8.895706,16.013072,10.9375,5.185185,-30.528376,-16.372203,-25.026399,None,None,14.331723,-29,0.141044,-1.388889,0.141044,0.424328,-16.07565,-20.935415,-28.786359,-28.137653,26335699,1224,
T0449A 匯豐點心債 A-CNY,2016-08-31 00:00:00,RMB,2.343,None,None,None,0.012806,0.034156,0.614077,1.64418,5.208801,3.828769,5.478774,0.012806,5.12855,None,None,None,4.314145,5.067265,1.13087,0.614077,1.13087,0.038427,2.011495,2.686589,None,None,26396604B,3524,
T0449B 匯豐點心債 B-CNY,2016-08-31 00:00:00,RMB,2.076,None,None,None,-0.009633,0.139887,0.955891,2.583423,6.769492,5.349862,6.991354,1.250988,6.427084,None,None,None,5.617455,6.365042,1.568054,0.955891,1.568054,-0.009633,3.404664,3.968757,None,None,26396604C,3524,
T0449C 匯豐點心債 B,2016-08-31 00:00:00,NTD,10.3698,None,None,None,0.09073,-0.230907,-0.288808,-0.049134,2.542707,0.808967,5.63831,2.622864,None,None,None,None,3.030508,16.059955,0.771776,-0.288808,0.771776,0.133256,3.622823,None,None,None,26396604D,3524,
T0449D 匯豐點心債A$,2016-08-31 00:00:00,USD,0.3496,None,None,None,0.085886,-0.256776,-0.285225,0.085886,2.944641,-0.39886,1.568855,-8.072574,None,None,None,None,2.401875,-8,0.894661,-0.285225,0.894661,0.085886,-5.154637,None,None,None,26396604E,3524,
T0449E 匯豐點心債B$,2016-08-31 00:00:00,USD,0.314,None,None,None,0.095633,-0.222434,-0.108035,0.664353,3.956598,0.334928,2.344361,-7.69032,None,None,None,None,3.26734,-7.615869,1.32112,-0.108035,1.32112,0.063735,-4.600174,None,None,None,26396604F,3524,
T0449Y 匯豐點心債 A,2016-08-31 00:00:00,NTD,11.6068,None,None,None,0.090546,-0.231225,-0.28865,-0.048224,2.543533,0.816483,5.64602,2.630578,6.418014,14.786977,None,None,3.036921,16.068,0.772717,-0.28865,0.772717,0.131993,3.631215,3.408705,10.285721,16.06452,26396604A,3524,
T0453A 匯豐中國 A股聚 C,2016-08-31 00:00:00,RMB,2.6475,None,None,None,0.022668,0.539247,3.892791,10.335487,15.424859,-4.298005,2.803557,None,None,None,None,None,-8.308513,-73.525,7.595708,3.892791,7.595708,-0.09434,None,None,None,None,38482745B,1234,
T0453B 匯豐中國 A股聚 $,2016-08-31 00:00:00,USD,0.3957,None,None,None,0.101189,0.227964,2.966432,8.61927,12.928082,-8.211552,-1.000751,None,None,None,None,None,-9.986351,-10.068182,7.352143,2.966432,7.352143,-0.050518,None,None,None,None,38482745C,1234,
T0453Y 匯豐中國 A股匯聚,2016-08-31 00:00:00,NTD,12.5545,None,None,None,0.119622,0.090887,2.320331,5.61449,6.984295,-11.298812,-4.270813,27.456853,None,None,None,None,-13.631673,25.545,5.492022,2.320331,5.492022,0.121219,-3.944146,24.05633,None,None,38482745A,1234,
T0458A 匯豐中國多息平A,2016-08-31 00:00:00,NTD,10.4735,None,None,None,0.13002,-0.311245,-0.125874,0.472938,0.792016,-4.938462,-0.011456,None,None,None,None,None,-4.816649,4.735,1.014631,-0.125874,1.014631,0.302627,None,None,None,None,38647535A,2330,
T0458B 匯豐中國多息平B,2016-08-31 00:00:00,NTD,10.0375,None,None,None,0.129682,-0.310861,-0.129866,0.470476,0.789372,-4.948376,-0.025374,None,None,None,None,None,-4.827429,4.721781,1.011414,-0.129866,1.011414,0.302782,None,None,None,None,38647535B,2330,
T0458C 匯豐中國多息平AC,2016-08-31 00:00:00,RMB,11.1098,None,None,None,0.036017,0.137004,1.410276,4.964901,8.746892,2.564623,7.380488,None,None,None,None,None,1.051463,11.098,3.029741,1.410276,3.029741,0.090092,None,None,None,None,38647535C,2330,
T0458D 匯豐中國多息平BC,2016-08-31 00:00:00,RMB,10.6797,None,None,None,0.030909,0.165071,1.504435,5.213272,9.142978,2.922966,7.750816,None,None,None,None,None,1.356836,11.441358,3.148874,1.504435,3.148874,0.077778,None,None,None,None,38647535D,2330,
T0458E 匯豐中國多息平A$,2016-08-31 00:00:00,USD,10.39,None,None,None,0.111771,-0.166229,0.503971,3.335787,6.402589,-1.630342,3.404692,None,None,None,None,None,-0.796303,3.9,2.798005,0.503971,2.798005,0.132032,None,None,None,None,38647535E,2330,
T0458F 匯豐中國多息平B$,2016-08-31 00:00:00,USD,9.9895,None,None,None,0.11124,-0.158914,0.534093,3.466027,6.620192,-1.484305,3.556431,None,None,None,None,None,-0.63486,4.00458,2.883743,0.534093,2.883743,0.124285,None,None,None,None,38647535F,2330,
T0475A 匯豐中國科技精選,2016-08-31 00:00:00,NTD,9.76,None,None,None,-0.610998,-0.509684,2.30608,2.8451,10.158014,-7.136061,None,None,None,None,None,None,-9.124767,-2.4,3.062302,2.30608,3.062302,-0.204499,None,None,None,None,42325064A,1223,
T0475B 匯豐中國科技選 C,2016-08-31 00:00:00,RMB,10.69,None,None,None,-0.650558,-0.093458,3.887269,7.437186,18.777778,0.187441,None,None,None,None,None,None,-3.519856,6.9,5.113078,3.887269,5.113078,-0.465549,None,None,None,None,42325064B,1223,
T0475C 匯豐中國科技選 $,2016-08-31 00:00:00,USD,10.18,None,None,None,-0.585938,-0.391389,3.036437,5.821206,16.210046,-3.871577,None,None,None,None,None,None,-5.214153,1.8,4.948454,3.036437,4.948454,-0.391389,None,None,None,None,42325064C,1223,
T0502Y 元大多福基金,2016-08-31 00:00:00,NTD,52.92,51.96,-0.96,-1.814059,0.30326,1.32108,2.439024,3.339192,5.041683,5.020837,9.519868,1.847575,27.795219,50.298211,37.992177,29.578844,5.945946,429.2,3.399766,2.439024,3.399766,1.069519,4.937543,15.344379,44.906906,65.893426,1032058,1110,
T0503Y 元大多多基金,2016-08-31 00:00:00,NTD,16.95,None,None,None,0,1.133652,1.801802,4.115479,8.723541,8.375959,11.220472,1.862981,19.114547,30.585516,5.805243,-9.017713,10.856769,69.5,3.923973,1.801802,3.923973,0.177305,10.279766,14.449695,32.525412,24.724073,92001765,1110,
T0504Y 元卓越,2016-08-31 00:00:00,NTD,43.28,37.25,-6.03,-13.932532,-0.161476,1.192425,2.316785,7.447865,9.541888,11.863531,14.649007,8.064919,31.95122,33.869471,16.909778,19.591047,12.620349,332.8,6.391347,2.316785,6.391347,0.185185,10.127234,24.225029,33.621479,38.098279,92026219,1110,
T0506Y 元大店頭基金,2016-08-31 00:00:00,NTD,7.81,6.87,-0.94,-12.035851,0,1.428571,2.628121,5.826558,6.548431,10.310734,22.222222,2.359109,20.710974,32.823129,17.267267,0.64433,12.861272,-21.9,6.11413,2.628121,6.11413,0.514801,7.872934,13.848404,40.720737,41.742299,20080023,1140,
T0507Y 元大萬泰貨幣市場,2016-08-31 00:00:00,NTD,14.9977,None,None,None,0.000667,0.005334,0.023342,0.068057,0.150917,0.241954,0.360013,0.914425,1.480489,2.162081,2.934777,3.468092,0.208466,49.977,0.044693,0.023342,0.044693,0.004001,0.730063,1.279691,1.92393,2.681056,20081331,4100,
T0508Y 元大高科技基金,2016-08-31 00:00:00,NTD,13,12,-1,-7.692308,-0.076864,2.120974,3.503185,7.438017,5.94947,7.260726,12.74935,4.75423,19.705341,18.181818,1.801096,-8.256881,8.968986,30,6.907895,3.503185,6.907895,0.619195,7.794353,18.181807,19.375556,20.481909,81584335,1120,
T0509Y 元大經貿基金,2016-08-31 00:00:00,NTD,29.16,None,None,None,0.034305,1.886792,0.899654,1.744592,3.330971,4.628633,9.954751,-0.647359,26.507592,42.661448,25.31156,16.546763,5.997819,191.6,3.735326,0.899654,3.735326,0.621118,4.105684,15.485154,38.725028,52.430735,83863951,1110,
T0513Y 新主流,2016-08-31 00:00:00,NTD,20.39,19.36,-1.03,-5.051496,0.098184,1.341948,2.308078,4.190087,6.032241,7.428872,11.664841,2.103155,28.238994,33.880499,25.168815,17.657242,9.388412,103.9,4.617753,2.308078,4.617753,0.641658,10.216217,24.785816,29.872624,47.433139,17139204,1110,
T0516Y 元大巴菲特基金,2016-08-31 00:00:00,NTD,25.16,None,None,None,-0.277447,0.922583,2.568284,6.25,10.983679,16.158818,22.851563,13.589165,40.245262,62.113402,39.855475,33.758639,15.518825,151.6,5.404273,2.568284,5.404273,0.039761,19.524935,23.15221,55.885982,69.085996,18036281,11B0,
T0537Y 元大亞太成長基金,2016-08-31 00:00:00,NTD,8.87,None,None,None,-0.224972,-1.880531,-5.638298,-10.764588,-1.334816,-16.947566,-17.334576,-16.241737,-13.799806,-4.418103,-17.717996,-21.085409,-14.050388,-11.3,-0.448934,-5.638298,-0.448934,0,-17.025256,-20.377019,-8.932243,-7.120422,48708243,1222,
T0538Y 元大泛歐成長基金,2016-08-31 00:00:00,NTD,8.37,None,None,None,-0.119332,-1.413428,-1.645123,-6.375839,-3.236994,-12.993763,-12.993763,-9.317443,-4.452055,4.36409,0.480192,-12.264151,-10.957447,-16.3,1.454545,-1.645123,1.454545,-0.238379,-9.120524,-14.678897,-1.645118,9.842531,48753324,1221,
T0539A 元大全球滿意 A,2016-08-31 00:00:00,NTD,11.22,None,None,None,0,-0.089047,-1.145374,-2.604167,-3.608247,-1.578947,-0.707965,2.84143,5.05618,0.899281,3.601108,2.278943,-2.179599,12.2,-2.519548,-1.145374,-2.519548,0.268097,-0.970868,4.957911,2.278952,3.410145,48849362A,7200,
T0539B 元大全球滿意 B,2016-08-31 00:00:00,NTD,7.9,None,None,None,0,-0.126422,-1.126408,-2.578989,-3.61709,-1.625652,-0.664292,2.836864,5.03628,0.538926,3.834679,2.273413,-2.10089,13.752642,-2.459747,-1.126408,-2.459747,0.253807,-1.043219,4.938508,2.279226,3.606029,48849362B,7200,
T0542A 元大全球地產建 A,2016-08-31 00:00:00,NTD,7.58,None,None,None,0,-1.558442,-6.419753,-10.718492,-9.761905,-9.976247,-8.232446,-8.34341,3.69357,10.980966,19.747235,8.595989,-9.65435,-24.2,-4.050633,-6.419753,-4.050633,0.397351,-13.371425,-1.173396,7.213589,21.086277,48885346A,7100,
T0542B 元大全球地產建 B,2016-08-31 00:00:00,NTD,6.13,None,None,None,0,-1.446945,-6.46636,-10.724946,-9.749105,-9.845587,-8.131,-8.303936,3.762832,11.533942,21.849551,9.274573,-9.556768,-23.975777,-3.974132,-6.46636,-3.974132,0.491803,-13.309364,-1.135867,7.240782,23.300918,48885346B,7100,
T0546A 元大全球公用能 A,2016-08-31 00:00:00,NTD,7.47,None,None,None,-0.796813,-1.190476,-1.710526,0,2.188782,0.134048,1.356852,-5.681818,10.339734,12.162162,3.319502,-9.891435,-0.928382,-25.3,-1.190476,-1.710526,-1.190476,-0.928382,-11.071435,3.894292,16.536644,3.894289,48952816A,1211,
T0546B 元大全球公用能 B,2016-08-31 00:00:00,NTD,5.82,None,None,None,-0.851789,-1.188455,-1.606086,0.108317,2.194457,0.197927,1.309627,-5.613804,10.360443,11.414922,1.481844,-12.594685,-0.896673,-27.583036,-1.171872,-1.606086,-1.171872,-0.851789,-11.102906,3.968674,16.525607,2.055352,48952816B,1211,
T0553Y 元大全球農業商機,2016-08-31 00:00:00,NTD,16.15,None,None,None,0.372902,-0.431566,-1.644336,-0.492914,5.143229,2.800764,2.474619,-3.524492,6.60066,7.882432,3.459321,10.013624,4.12637,61.5,0.186104,-1.644336,0.186104,0.497822,-5.555546,-4.381282,5.83225,11.687422,10348058,1212,
T0556A 元大新中國 $,2016-08-31 00:00:00,USD,9.226,None,None,None,-0.064991,-0.485385,1.843471,2.295155,9.637552,None,None,None,None,None,None,None,-7.666133,-7.74,0.380807,1.843471,0.380807,0.228137,None,None,None,None,25520400B,1223,
T0556B 元大新中國 C,2016-08-31 00:00:00,RMB,9.57,None,None,None,-0.104384,-0.208551,2.792696,3.908795,12.06089,None,None,None,None,None,None,None,-5.992141,-4.3,0.736842,2.792696,0.736842,0.209424,None,None,None,None,25520400C,1223,
T0556Y 元大新中國基金,2016-08-31 00:00:00,NTD,9.45,None,None,None,-0.105708,-0.630915,1.17773,-0.526316,3.846154,-10.849057,-4.641776,25,19.017632,23.368146,-0.421496,-1.356994,-11.433927,-5.5,-1.356994,1.17773,-1.356994,0.318471,12.232784,15.525678,7.508536,16.379313,25520400A,1223,
T0557Y 元大印度基金,2016-08-31 00:00:00,NTD,10.76,None,None,None,1.032864,2.184236,2.378687,9.572301,23.394495,8.140704,6.009852,10.472279,61.561562,44.818304,24.537037,3.362152,6.534653,7.6,9.460834,2.378687,9.460834,2.57388,6.114393,35.687252,31.701336,49.444442,25622390,1222,
T0558Y 元大新興亞洲,2016-08-31 00:00:00,NTD,9.73,None,None,None,-0.102669,0.205973,2.098636,8.111111,15.01182,3.181336,4.849138,3.29087,17.79661,17.228916,-3.758655,-2.894212,4.736276,-2.7,5.875952,2.098636,5.875952,0.412797,0.516532,9.695612,7.871401,11.58258,25643156,1222,
T0560Y 元大華夏中小,2016-08-31 00:00:00,NTD,6.97,None,None,None,0,-0.143266,0.143678,3.106509,8.566978,-12.875,-6.191117,0,-1.830986,5.927052,-20.795455,None,-13.416149,-30.3,0.577201,0.143678,0.577201,0.432277,-6.568354,-4.389562,-10.526303,-2.924784,26206323,1223,
T0566Y 元大中國高收點心,2016-08-31 00:00:00,NTD,11.0997,None,None,None,0.009911,-0.380539,-0.734229,-1.295641,-0.985709,-1.940916,1.431966,1.058871,4.120859,10.141203,None,None,-0.622247,10.997,-0.381433,-0.734229,-0.381433,0.091979,0.054085,1.964014,7.794433,10.994788,26394367,3524,
T0567Y 元大2001基金,2016-08-31 00:00:00,NTD,55.55,55.35,-0.2,-0.360036,0.108128,0.926599,0.072059,4.143232,5.288097,5.890202,10.878244,6.621881,53.368305,74.96063,66.068759,61.107889,8.474907,564.488362,3.445065,0.072059,3.445065,0.288861,13.20562,30.490952,76.125561,95.598587,974066,1110,
T0568Y 元大績效基金,2016-08-31 00:00:00,NTD,39.59,None,None,None,-0.226815,1.799949,2.432083,6.567968,6.510627,9.063361,13.797068,7.523085,45.124633,63.45995,46.521095,41.040257,10.896359,295.9,6.110962,2.432083,6.110962,0.075834,13.928053,28.413872,64.137625,72.882074,92004566,1110,
T0569Y 元大得利貨幣市場,2016-08-31 00:00:00,NTD,16.1355,None,None,None,0.00062,0.004958,0.024796,0.06946,0.153313,0.24478,0.363874,0.922567,1.486238,2.101447,2.817108,3.287031,0.21116,61.355,0.046503,0.024796,0.046503,0.003719,0.737319,1.288744,1.888685,2.579832,92017204,4100,
T0571Y 元大得寶貨幣市場,2016-08-31 00:00:00,NTD,11.8975,None,None,None,0.000841,0.005043,0.024381,0.06897,0.149835,0.24181,0.359345,0.916925,1.482467,2.158663,2.914209,3.455622,0.208883,18.975,0.04625,0.024381,0.04625,0.004203,0.733225,1.282908,1.922376,2.662904,13530495,4100,
T0572Y 元大精準中小基金,2016-08-31 00:00:00,NTD,18.57,None,None,None,0.053879,1.809211,0.704989,0.704989,3.975364,5.331821,9.106933,1.19891,24.966353,38.789238,28.512111,12.887538,6.785509,85.7,3.052164,0.704989,3.052164,0.650407,7.714613,11.33093,39.939707,56.181654,14542287,1130,
T0574Y 元大台灣加權股價,2016-08-31 00:00:00,NTD,20.028,None,None,None,-0.422612,0.785024,2.235835,10.682509,11.725985,12.782971,15.675176,4.716093,26.759494,42.012338,41.720917,52.107542,12.751224,100.28,7.816537,2.235835,7.816537,-0.541292,6.645372,17.790976,36.700565,55.051475,99346928,1154,
T0575Y 元大全球 ETF穩健,2016-08-31 00:00:00,NTD,14.32,None,None,None,-0.13947,-0.555556,-0.762301,-0.762301,0.491228,-0.278552,0,4.754938,11.353033,11.353033,10.493827,3.244412,0.420757,43.2,-0.209059,-0.762301,-0.209059,0,0.209944,7.507519,12.844782,15.4839,99967974,5230,
T0576A 元大全球不動產 A,2016-08-31 00:00:00,NTD,11.04,None,None,None,0.454959,0.729927,-2.645503,-6.202209,-6.992418,-3.496503,-2.214349,-1.691897,11.967546,33.172497,53.760446,47.791165,-3.072871,10.4,-1.953819,-2.645503,-1.953819,2.793296,-8.533559,3.370777,22.530514,57.95513,21718388A,7100,
T0576B 元大全球不動產 B,2016-08-31 00:00:00,NTD,8.04,None,None,None,0.5,0.75188,-2.637781,-6.210744,-6.926347,-3.448495,-2.119869,-1.665476,11.961311,33.191162,53.864276,47.738043,-3.000289,10.546383,-1.898769,-2.637781,-1.898769,2.813299,-8.483695,3.409046,22.582274,57.679259,21718388B,7100,
T0576C 元大全球不動產A$,2016-08-31 00:00:00,USD,9.89,None,None,None,0.446882,0.918367,-2.040412,-3.531018,-1.80699,None,None,None,None,None,None,None,1.042092,-1.1,-0.211886,-2.040412,-0.211886,2.678571,None,None,None,None,21718388C,7100,
T0576D 元大全球不動產AC,2016-08-31 00:00:00,RMB,10.26,None,None,None,0.391389,1.183432,-1.156069,-2.005731,0.293255,None,None,None,None,None,None,None,2.908726,2.6,0.097561,-1.156069,0.097561,2.6,None,None,None,None,21718388D,7100,
T0577Y 元大全球新興市場,2016-08-31 00:00:00,NTD,12.2,None,None,None,-0.0819,-0.163666,0.660066,3.127642,7.583774,0.246508,2.006689,-10.294118,3.741497,1.75146,-6.870229,-14.023961,1.328904,22,2.953586,0.660066,2.953586,-0.326797,-5.058366,-3.251383,-3.481013,3.477527,48760113,5212,
T0578Y 元大全球 ETF成長,2016-08-31 00:00:00,NTD,10.01,None,None,None,-0.199402,-0.694444,-1.086957,-0.694444,2.877698,-3.564547,-2.054795,3.089598,17.213115,27.515924,14.925373,4.707113,-2.436647,0.1,0.401204,-1.086957,0.401204,0,-3.003883,5.702215,28.005116,24.968795,48789815,5211,
T0581A 元大中華價值指 $,2016-08-31 00:00:00,USD,10.723,None,None,None,-0.547208,0.186863,3.925179,12.518363,20.145658,None,None,None,None,None,None,None,9.642127,7.23,9.139949,3.925179,9.139949,-0.316073,None,None,None,None,25591306B,1223,
T0581B 元大中華價值指 C,2016-08-31 00:00:00,RMB,11.14,None,None,None,-0.535714,0.541516,4.995287,14.373717,22.958057,None,None,None,None,None,None,None,11.84739,11.4,9.537856,4.995287,9.537856,-0.268577,None,None,None,None,25591306C,1223,
T0581Y 元大大中華價值指,2016-08-31 00:00:00,NTD,14.892,None,None,None,-0.521042,0.047027,3.273232,9.419544,13.801009,5.430088,4.483267,1.464877,18.059299,35.616064,33.023671,33.333333,5.258694,48.92,7.252431,3.273232,7.252431,-0.147512,-2.084292,11.134337,20.553727,40.358172,25591306A,1223,
T0583A 元大全球靈活配 A,2016-08-31 00:00:00,NTD,11.08,None,None,None,0,-0.090171,-0.18018,0.910747,0.910747,1.74472,1.279707,2.025783,6.130268,4.924242,8.414873,4.924242,2.119816,10.8,-0.18018,-0.18018,-0.18018,0.180832,1.094893,4.528304,2.497691,9.702971,25638920A,5223,
T0583B 元大全球靈活配 B,2016-08-31 00:00:00,NTD,11.03,None,None,None,0,-0.180995,-0.180995,0.914913,0.914913,1.752768,1.285583,2.035153,6.159769,4.947669,8.456244,4.944848,2.12963,10.82176,-0.180995,-0.180995,-0.180995,0.181653,1.099916,4.549778,2.509309,9.751256,25638920B,5223,
T0585Y 元大巴西指數基金,2016-08-31 00:00:00,NTD,5.356,None,None,None,-0.667656,0.018674,0.638858,27.463113,55.924309,42.29543,29.465796,-30.845707,-9.527027,-24.189667,-34.06377,None,50.449438,-46.44,8.685065,0.638858,8.685065,1.612597,-6.706141,-14.903076,-25.899274,-29.24702,26203851,1233,
T0586Y 元大印度指數基金,2016-08-31 00:00:00,NTD,9.041,None,None,None,0.243929,0.836493,-0.110485,4.592781,16.929643,4.957047,1.893384,0.511395,49.363952,32.702187,19.290144,None,2.517292,-9.59,4.520231,-0.110485,4.520231,2.273756,-2.31226,24.548833,19.843587,42.087057,26203825,1233,
T0587Y 元大印尼指數基金,2016-08-31 00:00:00,NTD,9.341,None,None,None,0.332975,-1.02776,0.214569,12.691519,9.072863,23.346098,22.520986,-1.320516,18.948173,1.224534,-3.121759,None,17.260859,-6.59,4.298794,0.214569,4.298794,-1.808052,-3.790302,25.214474,-1.704719,-2.126987,26203846,1233,
T0588A 元大全球國富債 A,2016-08-31 00:00:00,NTD,8.0235,None,None,None,0.056117,-0.346524,-0.549096,-1.044621,-2.601423,-3.479014,-3.001765,-9.394268,-8.590145,-19.962692,-24.281602,None,-2.156019,-19.765,-1.300251,-0.549096,-1.300251,-0.046093,-7.034276,-7.804484,-21.097672,-18.484402,26297576A,3511,
T0588B 元大全球國富債 B,2016-08-31 00:00:00,NTD,5.7469,None,None,None,0.057455,-0.346807,-0.54566,-1.039066,-2.592441,-3.470573,-3.000326,-9.396764,-8.595506,-19.965438,-24.278934,None,-2.147904,-19.761415,-1.295695,-0.54566,-1.295695,-0.045221,-7.03542,-7.806633,-21.088854,-18.49417,26297576B,3511,
T0589Y 元大新興市場 ESG,2016-08-31 00:00:00,NTD,10.98,None,None,None,-0.181818,0,2.234637,7.331378,11.472081,1.385042,2.712816,-13.543307,0.919118,3.584906,None,None,2.905342,9.8,5.07177,2.234637,5.07177,0.365631,-8.652247,-7.808568,-4.852685,9.909911,26326707,1224,
T0591A 元大中平衡 CNY,2016-08-31 00:00:00,RMB,2.91,None,None,None,0.344828,1.393728,4.301075,7.777778,14.566929,5.054152,9.811321,39.23445,37.914692,None,None,None,3.558719,37.264151,5.434783,4.301075,5.434783,1.393728,33.486236,35.981308,None,None,31830473B,2330,
T0591Y 元大中平衡 NTD,2016-08-31 00:00:00,NTD,13.75,None,None,None,0.291758,0.806452,2.535421,2.996255,6.095679,-2.48227,2.078693,35.201573,33.236434,39.17004,None,None,-2.620397,37.5,3.228228,2.535421,3.228228,1.40118,24.209582,30.331765,35.869589,None,31830473A,2330,
T0593A 元大亞太政府債 A,2016-08-31 00:00:00,NTD,9.4441,None,None,None,-0.019056,-0.733663,-1.134781,2.390607,2.244284,6.244797,7.475646,3.773336,8.949852,None,None,None,5.541897,-5.559,-0.103661,-1.134781,-0.103661,-0.322965,1.84844,9.119797,None,None,31931789A,3515,
T0593B 元大亞太政府債 B,2016-08-31 00:00:00,NTD,8.3056,None,None,None,-0.01926,-0.733835,-1.135127,2.390592,2.246491,6.244777,7.471897,3.765422,8.943886,None,None,None,5.540689,-5.564336,-0.102964,-1.135127,-0.102964,-0.324029,1.840728,9.114012,None,None,31931789B,3515,
T0594A 元大中國機會債券,2016-08-31 00:00:00,NTD,10.2911,None,None,None,0.067093,-0.301292,-0.720639,-2.303084,-3.449732,-4.275961,-3.259133,1.183793,None,None,None,None,-3.418924,2.911,-1.009994,-0.720639,-1.009994,0.216187,-3.685582,None,None,None,38546950A,3518,
T0594B 元大中國機債 A C,2016-08-31 00:00:00,RMB,10.5576,None,None,None,0.015157,0.130883,0.840529,2.134081,4.311742,3.488634,4.784874,5.159568,None,None,None,None,2.692397,5.576,1.04707,0.840529,1.04707,0.017052,4.653987,None,None,None,38546950B,3518,
T0594C 元大中國機債 B C,2016-08-31 00:00:00,RMB,10.1171,None,None,None,0.014829,0.130643,0.840591,2.134075,4.312152,3.489501,4.784818,5.160022,None,None,None,None,2.692335,5.576456,1.047278,0.840591,1.047278,0.016806,4.654214,None,None,None,38546950C,3518,
T0595A 元大人民幣貨幣市,2016-08-31 00:00:00,NTD,10.4523,None,None,None,0.058394,-0.385979,-1.319852,-3.667214,-5.985896,-5.078327,-4.15658,2.794005,None,None,None,None,-3.90722,4.523,-1.603186,-1.319852,-1.603186,0.231104,-2.483558,None,None,None,38546966A,4200,
T0595B 元大人民幣貨市 C,2016-08-31 00:00:00,RMB,10.6858,None,None,None,0.006551,0.04494,0.239205,0.662239,1.532614,2.504628,3.321312,6.410014,None,None,None,None,2.217333,6.858,0.440835,0.239205,0.440835,0.032764,5.454401,None,None,None,38546966B,4200,
T0596A 元大大中華 TMT,2016-08-31 00:00:00,NTD,9.99,None,None,None,-0.299401,-0.299401,0.909091,2.672148,8.469055,-9.837545,3.416149,None,None,None,None,None,-11.43617,-0.1,0,0.909091,0,-0.498008,None,None,None,None,38639090A,1223,
T0596B 元大大中華 TMT C,2016-08-31 00:00:00,RMB,10.6,None,None,None,-0.37594,0.094429,2.613746,7.39615,17.127072,-2.84143,11.111111,None,None,None,None,None,-5.861456,6,2.119461,2.613746,2.119461,-0.656045,None,None,None,None,38639090B,1223,
T0597A 元大全股票入息A,2016-08-31 00:00:00,NTD,9.55,None,None,None,0,-0.830737,-1.036269,-1.036269,2.248394,-3.632694,-3.826788,None,None,None,None,None,-2.051282,-4.5,1.812367,-1.036269,1.812367,0.42061,None,None,None,None,42307684A,1211,
T0597B 元大全股票入息B,2016-08-31 00:00:00,NTD,9.23,None,None,None,0,-0.859291,-1.078757,-0.987414,2.216129,-3.640489,-3.858873,None,None,None,None,None,-2.139973,-4.531861,1.846169,-1.078757,1.846169,0.435256,None,None,None,None,42307684B,1211,
T0597C 元大全股票入息B$,2016-08-31 00:00:00,USD,9.031,None,None,None,-0.044272,-0.692764,-0.474405,1.783154,7.835903,-0.350692,-0.567035,None,None,None,None,None,2.033331,-6.423637,3.596992,-0.474405,3.596992,0.221951,None,None,None,None,42307684C,1211,
T0598A 元大新興印尼債A,2016-08-31 00:00:00,NTD,11.2883,None,None,None,0.165933,-0.411998,-2.1845,3.206371,2.817196,10.120087,None,None,None,None,None,None,9.079401,12.883,-0.307336,-2.1845,-0.307336,-0.564638,None,None,None,None,42321314A,3517,
T0598B 元大新興印尼債B,2016-08-31 00:00:00,NTD,10.9353,None,None,None,0.165793,-0.412546,-2.18285,3.209062,2.822464,10.124489,None,None,None,None,None,None,9.083762,12.887512,-0.303868,-2.18285,-0.303868,-0.564679,None,None,None,None,42321314B,3517,
T0598C 元大新興印尼債B$,2016-08-31 00:00:00,USD,11.2796,None,None,None,0.146496,-0.267907,-1.566572,6.14641,8.541,13.951712,None,None,None,None,None,None,13.687406,16.654647,1.455264,-1.566572,1.455264,-0.733961,None,None,None,None,42321314C,3517,
T0598D 元大新興印尼債BC,2016-08-31 00:00:00,RMB,11.7952,None,None,None,0.113735,0.019503,-0.639219,7.837695,10.963771,18.681408,None,None,None,None,None,None,15.810721,21.756443,1.763036,-0.639219,1.763036,-0.761419,None,None,None,None,42321314D,3517,
T0599A 元大美元公司債A,2016-08-31 00:00:00,NTD,10.0925,None,None,None,-0.10393,-0.197775,-0.679034,1.000751,None,None,None,None,None,None,None,None,None,0.925,-0.288489,-0.679034,-0.288489,0.412894,None,None,None,None,42381749A,3511,
T0599B 元大美元公司債B,2016-08-31 00:00:00,NTD,10.0132,None,None,None,-0.104752,-0.192375,-0.681743,0.972992,None,None,None,None,None,None,None,None,None,0.898272,-0.313911,-0.681743,-0.313911,0.418192,None,None,None,None,42381749B,3511,
